Wed Oct  2 04:57:59 UTC 2024: Disk usage is 35%
Disk usage is normal.
Wed Oct  2 04:57:59 UTC 2024: CPU usage is %
CPU usage is normal.
Wed Oct  2 04:57:59 UTC 2024: Total memory is: 7929
Available memory is normal.
Wed Oct  2 04:57:59 UTC 2024: Available memory is: 6041
Wed Oct  2 04:57:59 UTC 2024: Current available memory is: 76.18867448606381637000%
Wed Oct  2 15:44:38 UTC 2024: Disk usage is 35%
Disk usage is normal.
Wed Oct  2 15:44:38 UTC 2024: CPU usage is %
CPU usage is normal.
Wed Oct  2 15:44:38 UTC 2024: Total memory is: 7929
Available memory is normal.
Wed Oct  2 15:44:38 UTC 2024: Available memory is: 6060
Wed Oct  2 15:44:38 UTC 2024: Current available memory is: 76.42830117290957245500%
Wed Oct  2 15:48:17 UTC 2024: Disk usage is 35%
Disk usage is normal.
Wed Oct  2 15:48:18 UTC 2024: CPU usage is %
CPU usage is normal.
Wed Oct  2 15:48:18 UTC 2024: Total memory is: 7929
Available memory is normal.
Wed Oct  2 15:48:18 UTC 2024: Available memory is: 6039
Wed Oct  2 15:48:18 UTC 2024: Current available memory is: 76.16345062429057888700%
Wed Oct  2 16:14:40 UTC 2024: Disk usage is 35%
Disk usage is normal.
CPU idle: 96.7
Wed Oct  2 16:14:40 UTC 2024: CPU usage is 3.3%
CPU usage is normal.
Wed Oct  2 16:14:40 UTC 2024: Total memory is: 7929
Available memory is normal.
Wed Oct  2 16:14:40 UTC 2024: Available memory is: 5985
Wed Oct  2 16:14:40 UTC 2024: Current available memory is: 75.48240635641316685500%
Wed Oct  2 16:15:55 UTC 2024: Disk usage is 35%
Disk usage is normal.
CPU idle: 96.7
Wed Oct  2 16:15:55 UTC 2024: CPU usage is 3.3%
CPU usage is normal.
Wed Oct  2 16:15:55 UTC 2024: Total memory is: 7929
Available memory is normal.
Wed Oct  2 16:15:55 UTC 2024: Available memory is: 5947
Wed Oct  2 16:15:55 UTC 2024: Current available memory is: 75.00315298272165468500%
Wed Oct  2 16:16:26 UTC 2024: Disk usage is 35%
Disk usage is normal.
CPU idle: 96.7
Wed Oct  2 16:16:26 UTC 2024: CPU usage is 3.3%
CPU usage is normal.
Wed Oct  2 16:16:26 UTC 2024: Total memory is: 7929
Available memory is normal.
Wed Oct  2 16:16:26 UTC 2024: Available memory is: 5946
Wed Oct  2 16:16:26 UTC 2024: Current available memory is: 74.99054105183503594400%
Wed Oct  2 16:19:41 UTC 2024: Disk usage is 35%
Disk usage is normal.
CPU idle: 87.5
Wed Oct  2 16:19:41 UTC 2024: CPU usage is 12.5%
CPU usage is normal.
Wed Oct  2 16:19:41 UTC 2024: Total memory is: 7929
Available memory is normal.
Wed Oct  2 16:19:41 UTC 2024: Available memory is: 5942
Wed Oct  2 16:19:41 UTC 2024: Current available memory is: 74.94009332828856097800%
Wed Oct  2 16:21:01 UTC 2024: Disk usage is 35%
Disk usage is normal.
CPU idle: 96.6
Wed Oct  2 16:21:01 UTC 2024: CPU usage is 3.4%
CPU usage is normal.
Wed Oct  2 16:21:01 UTC 2024: Total memory is: 7929
Available memory is normal.
Wed Oct  2 16:21:01 UTC 2024: Available memory is: 5951
Wed Oct  2 16:21:01 UTC 2024: Current available memory is: 75.05360070626812965000%
Wed Oct  2 16:21:21 UTC 2024: Disk usage is 35%
Disk usage is normal.
Wed Oct  2 16:21:22 UTC 2024: CPU usage is 3.2%
CPU usage is normal.
Wed Oct  2 16:21:22 UTC 2024: Total memory is: 7929
Available memory is normal.
Wed Oct  2 16:21:22 UTC 2024: Available memory is: 5944
Wed Oct  2 16:21:22 UTC 2024: Current available memory is: 74.96531719006179846100%
