Wed Oct  2 04:57:59 UTC 2024: Disk usage is 35%
Disk usage is normal.
Wed Oct  2 04:57:59 UTC 2024: CPU usage is %
CPU usage is normal.
Wed Oct  2 04:57:59 UTC 2024: Total memory is: 7929
Available memory is normal.
Wed Oct  2 04:57:59 UTC 2024: Available memory is: 6041
Wed Oct  2 04:57:59 UTC 2024: Current available memory is: 76.18867448606381637000%
Wed Oct  2 15:44:38 UTC 2024: Disk usage is 35%
Disk usage is normal.
Wed Oct  2 15:44:38 UTC 2024: CPU usage is %
CPU usage is normal.
Wed Oct  2 15:44:38 UTC 2024: Total memory is: 7929
Available memory is normal.
Wed Oct  2 15:44:38 UTC 2024: Available memory is: 6060
Wed Oct  2 15:44:38 UTC 2024: Current available memory is: 76.42830117290957245500%
Wed Oct  2 15:48:17 UTC 2024: Disk usage is 35%
Disk usage is normal.
Wed Oct  2 15:48:18 UTC 2024: CPU usage is %
CPU usage is normal.
Wed Oct  2 15:48:18 UTC 2024: Total memory is: 7929
Available memory is normal.
Wed Oct  2 15:48:18 UTC 2024: Available memory is: 6039
Wed Oct  2 15:48:18 UTC 2024: Current available memory is: 76.16345062429057888700%
